0 silly input [ 'build' ]
1 silly flags { _: [ 'run' ],
1 silly flags   'reject-cycles': false,
1 silly flags   rejectCycles: false,
1 silly flags   script: 'build',
1 silly flags   args: [] }
2 verbose rootPath /home/jiangyuqing/devspace/mccree
3 info version 2.5.1
4 silly existsSync /home/jiangyuqing/devspace/mccree/VERSION
5 silly initialize attempt
6 silly initialize success
7 silly execute attempt
8 silly runScriptInDir build [] mccree-controller-loader
9 silly getExecOpts { cwd: '/home/jiangyuqing/devspace/mccree/packages/mccree-controller-loader' }
10 silly runScriptInDir build [] mccree-core-loaderbuffer
11 silly getExecOpts { cwd: '/home/jiangyuqing/devspace/mccree/packages/mccree-core-loaderbuffer' }
12 silly runScriptInDir build [] mccree-core-track
13 silly getExecOpts { cwd: '/home/jiangyuqing/devspace/mccree/packages/mccree-core-track' }
14 silly runScriptInDir build [] mccree-helper-browser
15 silly getExecOpts { cwd: '/home/jiangyuqing/devspace/mccree/packages/mccree-helper-browser' }
16 silly runScriptInDir build [] mccree-helper-golomb
17 silly getExecOpts { cwd: '/home/jiangyuqing/devspace/mccree/packages/mccree-helper-golomb' }
18 silly runScriptInDir build [] mccree-helper-logger
19 silly getExecOpts { cwd: '/home/jiangyuqing/devspace/mccree/packages/mccree-helper-logger' }
20 silly runScriptInDir build [] mccree-helper-utils
21 silly getExecOpts { cwd: '/home/jiangyuqing/devspace/mccree/packages/mccree-helper-utils' }
22 silly runScriptInDir build [] mccree-plugin-mse
23 silly getExecOpts { cwd: '/home/jiangyuqing/devspace/mccree/packages/mccree-plugin-mse' }
24 silly runScriptInDir build [] mccree-core
25 silly getExecOpts { cwd: '/home/jiangyuqing/devspace/mccree/packages/mccree-core' }
26 silly runScriptInDir build [] mccree-helper-spsparser
27 silly getExecOpts { cwd: '/home/jiangyuqing/devspace/mccree/packages/mccree-helper-spsparser' }
28 silly runScriptInDir build [] mccree-loader-fetch
29 silly getExecOpts { cwd: '/home/jiangyuqing/devspace/mccree/packages/mccree-loader-fetch' }
30 silly runScriptInDir build [] mccree-loader-moz-xhr
31 silly getExecOpts { cwd: '/home/jiangyuqing/devspace/mccree/packages/mccree-loader-moz-xhr' }
32 silly runScriptInDir build [] mccree-loader-tencentp2p
33 silly getExecOpts { cwd: '/home/jiangyuqing/devspace/mccree/packages/mccree-loader-tencentp2p' }
34 error build Errored while running script in 'mccree-core'
35 error execute callback with error
36 error Error: Command failed: npm run build
36 error npm ERR! code ELIFECYCLE
36 error npm ERR! errno 1
36 error npm ERR! mccree-core@1.1.1-0 build: `gulp buid`
36 error npm ERR! Exit status 1
36 error npm ERR!
36 error npm ERR! Failed at the mccree-core@1.1.1-0 build script.
36 error npm ERR! This is probably not a problem with npm. There is likely additional logging output above.
36 error
36 error npm ERR! A complete log of this run can be found in:
36 error npm ERR!     /home/jiangyuqing/.npm/_logs/2018-01-03T10_10_46_057Z-debug.log
36 error
36 error > mccree-core@1.1.1-0 build /home/jiangyuqing/devspace/mccree/packages/mccree-core
36 error > gulp buid
36 error
36 error [18:10:46] Using gulpfile ~/devspace/mccree/packages/mccree-core/gulpfile.js
36 error [18:10:46] Task 'buid' is not in your gulpfile
36 error [18:10:46] Please check the documentation for proper gulpfile formatting
36 error
36 error     at Promise.all.then.arr (/usr/local/node-v8.9.3-linux-x64/lib/node_modules/lerna/node_modules/execa/index.js:236:11)
36 error     at <anonymous>
